[debug] [2024-08-20T17:38:45.283Z] ----------------------------------------------------------------------
[debug] [2024-08-20T17:38:45.287Z] Command:       C:\Program Files\nodejs\node.exe C:\Users\vasan\AppData\Roaming\npm\node_modules\firebase-tools\lib\bin\firebase.js init
[debug] [2024-08-20T17:38:45.287Z] CLI Version:   13.15.2
[debug] [2024-08-20T17:38:45.287Z] Platform:      win32
[debug] [2024-08-20T17:38:45.287Z] Node Version:  v21.6.1
[debug] [2024-08-20T17:38:45.288Z] Time:          Tue Aug 20 2024 23:08:45 GMT+0530 (India Standard Time)
[debug] [2024-08-20T17:38:45.288Z] ----------------------------------------------------------------------
[debug] 
[debug] [2024-08-20T17:38:45.291Z] >>> [apiv2][query] GET https://firebase-public.firebaseio.com/cli.json [none]
[debug] [2024-08-20T17:38:45.344Z] > command requires scopes: ["email","openid","https://www.googleapis.com/auth/cloudplatformprojects.readonly","https://www.googleapis.com/auth/firebase","https://www.googleapis.com/auth/cloud-platform"]
[debug] [2024-08-20T17:38:45.345Z] > authorizing via signed-in user (vasanthvc0211@gmail.com)
[info] 
     ######## #### ########  ######## ########     ###     ######  ########
     ##        ##  ##     ## ##       ##     ##  ##   ##  ##       ##
     ######    ##  ########  ######   ########  #########  ######  ######
     ##        ##  ##    ##  ##       ##     ## ##     ##       ## ##
     ##       #### ##     ## ######## ########  ##     ##  ######  ########

You're about to initialize a Firebase project in this directory:

  D:\my-app

[debug] [2024-08-20T17:38:45.371Z] *** [apiv2] error from fetch(https://firebase-public.firebaseio.com/cli.json, {"headers":{},"method":"GET"}): FetchError: request to https://firebase-public.firebaseio.com/cli.json failed, reason: getaddrinfo ENOTFOUND firebase-public.firebaseio.com
[warn] !  Unable to fetch the CLI MOTD and remote config. This is not a fatal error, but may indicate an issue with your network connection. 
[debug] [2024-08-20T17:38:45.372Z] Failed to fetch MOTD FirebaseError: Failed to make request to https://firebase-public.firebaseio.com/cli.json
[info] 
=== Project Setup
[info] 
[info] First, let's associate this project directory with a Firebase project.
[info] You can create multiple project aliases by running firebase use --add, 
[info] but for now we'll just set up a default project.
[info] 
[info] i  If you want to create a project in a Google Cloud organization or folder, please use "firebase projects:create" instead, and return to this command when you've created the project. 
[debug] [2024-08-20T17:39:39.925Z] > refreshing access token with scopes: []
[debug] [2024-08-20T17:39:39.928Z] >>> [apiv2][query] POST https://www.googleapis.com/oauth2/v3/token [none]
[debug] [2024-08-20T17:39:39.928Z] >>> [apiv2][body] POST https://www.googleapis.com/oauth2/v3/token [omitted]
[debug] [2024-08-20T17:39:39.934Z] *** [apiv2] error from fetch(https://www.googleapis.com/oauth2/v3/token, {"headers":{},"method":"POST","body":{"_overheadLength":545,"_valueLength":212,"_valuesToMeasure":[],"writable":false,"readable":true,"dataSize":0,"maxDataSize":2097152,"pauseStreams":true,"_released":true,"_streams":[],"_currentStream":null,"_insideLoop":false,"_pendingNext":false,"_boundary":"--------------------------252761717378447205127004","_events":{},"_eventsCount":1}}): FetchError: request to https://www.googleapis.com/oauth2/v3/token failed, reason: getaddrinfo ENOTFOUND www.googleapis.com
[debug] [2024-08-20T17:39:39.939Z] FirebaseError: Authentication Error: Your credentials are no longer valid. Please run firebase login --reauth

For CI servers and headless environments, generate a new token with firebase login:ci
    at invalidCredentialError (C:\Users\vasan\AppData\Roaming\npm\node_modules\firebase-tools\lib\auth.js:140:12)
    at refreshTokens (C:\Users\vasan\AppData\Roaming\npm\node_modules\firebase-tools\lib\auth.js:514:15)
    at process.processTicksAndRejections (node:internal/process/task_queues:95:5)
    at async getAccessToken (C:\Users\vasan\AppData\Roaming\npm\node_modules\firebase-tools\lib\apiv2.js:40:18)
    at async Client.addAuthHeader (C:\Users\vasan\AppData\Roaming\npm\node_modules\firebase-tools\lib\apiv2.js:167:21)
    at async Client.request (C:\Users\vasan\AppData\Roaming\npm\node_modules\firebase-tools\lib\apiv2.js:118:34)
    at async createCloudProject (C:\Users\vasan\AppData\Roaming\npm\node_modules\firebase-tools\lib\management\projects.js:180:26)
    at async createFirebaseProjectAndLog (C:\Users\vasan\AppData\Roaming\npm\node_modules\firebase-tools\lib\management\projects.js:45:9)
    at async promptAndCreateNewProject (C:\Users\vasan\AppData\Roaming\npm\node_modules\firebase-tools\lib\init\features\project.js:32:12)
    at async doSetup (C:\Users\vasan\AppData\Roaming\npm\node_modules\firebase-tools\lib\init\features\project.js:88:27)
[error] 
[error] Error: Failed to create project. See firebase-debug.log for more info.
[debug] [2024-08-20T17:39:49.931Z] ----------------------------------------------------------------------
[debug] [2024-08-20T17:39:49.937Z] Command:       C:\Program Files\nodejs\node.exe C:\Users\vasan\AppData\Roaming\npm\node_modules\firebase-tools\lib\bin\firebase.js init
[debug] [2024-08-20T17:39:49.937Z] CLI Version:   13.15.2
[debug] [2024-08-20T17:39:49.938Z] Platform:      win32
[debug] [2024-08-20T17:39:49.938Z] Node Version:  v21.6.1
[debug] [2024-08-20T17:39:49.938Z] Time:          Tue Aug 20 2024 23:09:49 GMT+0530 (India Standard Time)
[debug] [2024-08-20T17:39:49.938Z] ----------------------------------------------------------------------
[debug] 
[debug] [2024-08-20T17:39:49.944Z] >>> [apiv2][query] GET https://firebase-public.firebaseio.com/cli.json [none]
[debug] [2024-08-20T17:39:50.005Z] > command requires scopes: ["email","openid","https://www.googleapis.com/auth/cloudplatformprojects.readonly","https://www.googleapis.com/auth/firebase","https://www.googleapis.com/auth/cloud-platform"]
[debug] [2024-08-20T17:39:50.005Z] > authorizing via signed-in user (vasanthvc0211@gmail.com)
[info] 
     ######## #### ########  ######## ########     ###     ######  ########
     ##        ##  ##     ## ##       ##     ##  ##   ##  ##       ##
     ######    ##  ########  ######   ########  #########  ######  ######
     ##        ##  ##    ##  ##       ##     ## ##     ##       ## ##
     ##       #### ##     ## ######## ########  ##     ##  ######  ########

You're about to initialize a Firebase project in this directory:

  D:\my-app

[debug] [2024-08-20T17:39:50.025Z] *** [apiv2] error from fetch(https://firebase-public.firebaseio.com/cli.json, {"headers":{},"method":"GET"}): FetchError: request to https://firebase-public.firebaseio.com/cli.json failed, reason: getaddrinfo ENOTFOUND firebase-public.firebaseio.com
[warn] !  Unable to fetch the CLI MOTD and remote config. This is not a fatal error, but may indicate an issue with your network connection. 
[debug] [2024-08-20T17:39:50.026Z] Failed to fetch MOTD FirebaseError: Failed to make request to https://firebase-public.firebaseio.com/cli.json
[info] 
=== Project Setup
[info] 
[info] First, let's associate this project directory with a Firebase project.
[info] You can create multiple project aliases by running firebase use --add, 
[info] but for now we'll just set up a default project.
[info] 
[info] i  If you want to create a project in a Google Cloud organization or folder, please use "firebase projects:create" instead, and return to this command when you've created the project. 
[debug] [2024-08-20T17:40:15.619Z] > refreshing access token with scopes: []
[debug] [2024-08-20T17:40:15.621Z] >>> [apiv2][query] POST https://www.googleapis.com/oauth2/v3/token [none]
[debug] [2024-08-20T17:40:15.622Z] >>> [apiv2][body] POST https://www.googleapis.com/oauth2/v3/token [omitted]
[debug] [2024-08-20T17:40:15.626Z] *** [apiv2] error from fetch(https://www.googleapis.com/oauth2/v3/token, {"headers":{},"method":"POST","body":{"_overheadLength":545,"_valueLength":212,"_valuesToMeasure":[],"writable":false,"readable":true,"dataSize":0,"maxDataSize":2097152,"pauseStreams":true,"_released":true,"_streams":[],"_currentStream":null,"_insideLoop":false,"_pendingNext":false,"_boundary":"--------------------------779780979767204047112141","_events":{},"_eventsCount":1}}): FetchError: request to https://www.googleapis.com/oauth2/v3/token failed, reason: getaddrinfo ENOTFOUND www.googleapis.com
[debug] [2024-08-20T17:40:15.631Z] FirebaseError: Authentication Error: Your credentials are no longer valid. Please run firebase login --reauth

For CI servers and headless environments, generate a new token with firebase login:ci
    at invalidCredentialError (C:\Users\vasan\AppData\Roaming\npm\node_modules\firebase-tools\lib\auth.js:140:12)
    at refreshTokens (C:\Users\vasan\AppData\Roaming\npm\node_modules\firebase-tools\lib\auth.js:514:15)
    at process.processTicksAndRejections (node:internal/process/task_queues:95:5)
    at async getAccessToken (C:\Users\vasan\AppData\Roaming\npm\node_modules\firebase-tools\lib\apiv2.js:40:18)
    at async Client.addAuthHeader (C:\Users\vasan\AppData\Roaming\npm\node_modules\firebase-tools\lib\apiv2.js:167:21)
    at async Client.request (C:\Users\vasan\AppData\Roaming\npm\node_modules\firebase-tools\lib\apiv2.js:118:34)
    at async createCloudProject (C:\Users\vasan\AppData\Roaming\npm\node_modules\firebase-tools\lib\management\projects.js:180:26)
    at async createFirebaseProjectAndLog (C:\Users\vasan\AppData\Roaming\npm\node_modules\firebase-tools\lib\management\projects.js:45:9)
    at async promptAndCreateNewProject (C:\Users\vasan\AppData\Roaming\npm\node_modules\firebase-tools\lib\init\features\project.js:32:12)
    at async doSetup (C:\Users\vasan\AppData\Roaming\npm\node_modules\firebase-tools\lib\init\features\project.js:88:27)
[error] 
[error] Error: Failed to create project. See firebase-debug.log for more info.
